<?xml version="1.0" encoding="UTF-8"?>
<!-- Generated by org.testng.reporters.JUnitXMLReporter -->
<testsuite hostname="DEVENDRAGUPTA" ignored="0" name="Test" tests="5" failures="0" timestamp="01 Aug 2019 11:08:35 GMT" time="376.391" errors="0">
  <testcase name="f" time="102.223" classname="com.goibibo.Web.Goibibo_Desktop1.Dom_Hotel"/>
  <testcase name="f" time="67.433" classname="com.goibibo.Web.Goibibo_Desktop1.Train_Vertical"/>
  <testcase name="f" time="42.834" classname="com.goibibo.Web.Goibibo_Desktop1.Car_Vertical"/>
  <testcase name="f" time="82.137" classname="com.goibibo.Web.Goibibo_Desktop1.International_Hotel"/>
  <testcase name="f" time="81.739" classname="com.goibibo.Web.Goibibo_Desktop1.Bus_Vertical"/>
</testsuite> <!-- Test -->
