<?xml version="1.0" encoding="UTF-8"?>
<testng-results skipped="0" failed="0" ignored="0" total="1" passed="1">
  <reporter-output>
  </reporter-output>
  <suite name="Default suite" duration-ms="79861" started-at="2019-06-27T06:43:07Z" finished-at="2019-06-27T06:44:27Z">
    <groups>
    </groups>
    <test name="Default test" duration-ms="79861" started-at="2019-06-27T06:43:07Z" finished-at="2019-06-27T06:44:27Z">
      <class name="com.goibibo.Web.Goibibo_Desktop1.Dom_Hotel">
        <test-method status="PASS" signature="f()[pri:0, instance:com.goibibo.Web.Goibibo_Desktop1.Dom_Hotel@77caeb3e]" name="f" duration-ms="79830" started-at="2019-06-27T06:43:07Z" finished-at="2019-06-27T06:44:27Z">
          <reporter-output>
          </reporter-output>
        </test-method> <!-- f -->
      </class> <!-- com.goibibo.Web.Goibibo_Desktop1.Dom_Hotel -->
    </test> <!-- Default test -->
  </suite> <!-- Default suite -->
</testng-results>
